<?xml version="1.0" encoding="UTF-8"?>
<testng-results skipped="0" failed="0" ignored="0" total="2" passed="2">
  <reporter-output>
  </reporter-output>
  <suite name="Default suite" duration-ms="110758" started-at="2019-03-06T13:56:00Z" finished-at="2019-03-06T13:57:50Z">
    <groups>
    </groups>
    <test name="Default test" duration-ms="110758" started-at="2019-03-06T13:56:00Z" finished-at="2019-03-06T13:57:50Z">
      <class name="com.fb.testcases.LoginPageTest">
        <test-method status="PASS" signature="setUp()[pri:0, instance:com.fb.testcases.LoginPageTest@55f3ddb1]" name="setUp" is-config="true" duration-ms="45566" started-at="2019-03-06T13:56:00Z" finished-at="2019-03-06T13:56:45Z">
          <reporter-output>
          </reporter-output>
        </test-method> <!-- setUp -->
        <test-method status="PASS" signature="loginPageTitleTest()[pri:0, instance:com.fb.testcases.LoginPageTest@55f3ddb1]" name="loginPageTitleTest" duration-ms="263" started-at="2019-03-06T13:56:45Z" finished-at="2019-03-06T13:56:46Z">
          <reporter-output>
          </reporter-output>
        </test-method> <!-- loginPageTitleTest -->
        <test-method status="PASS" signature="tearDown()[pri:0, instance:com.fb.testcases.LoginPageTest@55f3ddb1]" name="tearDown" is-config="true" duration-ms="841" started-at="2019-03-06T13:56:46Z" finished-at="2019-03-06T13:56:46Z">
          <reporter-output>
          </reporter-output>
        </test-method> <!-- tearDown -->
        <test-method status="PASS" signature="setUp()[pri:0, instance:com.fb.testcases.LoginPageTest@55f3ddb1]" name="setUp" is-config="true" duration-ms="21939" started-at="2019-03-06T13:56:46Z" finished-at="2019-03-06T13:57:08Z">
          <reporter-output>
          </reporter-output>
        </test-method> <!-- setUp -->
        <test-method status="PASS" signature="loginTest()[pri:0, instance:com.fb.testcases.LoginPageTest@55f3ddb1]" name="loginTest" duration-ms="41011" started-at="2019-03-06T13:57:08Z" finished-at="2019-03-06T13:57:49Z">
          <reporter-output>
          </reporter-output>
        </test-method> <!-- loginTest -->
        <test-method status="PASS" signature="tearDown()[pri:0, instance:com.fb.testcases.LoginPageTest@55f3ddb1]" name="tearDown" is-config="true" duration-ms="993" started-at="2019-03-06T13:57:49Z" finished-at="2019-03-06T13:57:50Z">
          <reporter-output>
          </reporter-output>
        </test-method> <!-- tearDown -->
      </class> <!-- com.fb.testcases.LoginPageTest -->
    </test> <!-- Default test -->
  </suite> <!-- Default suite -->
</testng-results>
