<?xml version="1.0" encoding="UTF-8"?>
<testng-results skipped="0" failed="0" ignored="0" total="2" passed="2">
  <reporter-output>
  </reporter-output>
  <suite name="Default suite" duration-ms="67761" started-at="2019-02-11T14:48:38Z" finished-at="2019-02-11T14:49:46Z">
    <groups>
    </groups>
    <test name="Default test" duration-ms="67761" started-at="2019-02-11T14:48:38Z" finished-at="2019-02-11T14:49:46Z">
      <class name="com.fb.testcases.LoginPageTest">
        <test-method status="PASS" signature="setUp()[pri:0, instance:com.fb.testcases.LoginPageTest@55f3ddb1]" name="setUp" is-config="true" duration-ms="16831" started-at="2019-02-11T14:48:38Z" finished-at="2019-02-11T14:48:55Z">
          <reporter-output>
          </reporter-output>
        </test-method> <!-- setUp -->
        <test-method status="PASS" signature="loginPageTitleTest()[pri:0, instance:com.fb.testcases.LoginPageTest@55f3ddb1]" name="loginPageTitleTest" duration-ms="71" started-at="2019-02-11T14:48:55Z" finished-at="2019-02-11T14:48:55Z">
          <reporter-output>
          </reporter-output>
        </test-method> <!-- loginPageTitleTest -->
        <test-method status="PASS" signature="tearDown()[pri:0, instance:com.fb.testcases.LoginPageTest@55f3ddb1]" name="tearDown" is-config="true" duration-ms="719" started-at="2019-02-11T14:48:55Z" finished-at="2019-02-11T14:48:56Z">
          <reporter-output>
          </reporter-output>
        </test-method> <!-- tearDown -->
        <test-method status="PASS" signature="setUp()[pri:0, instance:com.fb.testcases.LoginPageTest@55f3ddb1]" name="setUp" is-config="true" duration-ms="13713" started-at="2019-02-11T14:48:56Z" finished-at="2019-02-11T14:49:10Z">
          <reporter-output>
          </reporter-output>
        </test-method> <!-- setUp -->
        <test-method status="PASS" signature="loginTest()[pri:0, instance:com.fb.testcases.LoginPageTest@55f3ddb1]" name="loginTest" duration-ms="35488" started-at="2019-02-11T14:49:10Z" finished-at="2019-02-11T14:49:45Z">
          <reporter-output>
          </reporter-output>
        </test-method> <!-- loginTest -->
        <test-method status="PASS" signature="tearDown()[pri:0, instance:com.fb.testcases.LoginPageTest@55f3ddb1]" name="tearDown" is-config="true" duration-ms="825" started-at="2019-02-11T14:49:45Z" finished-at="2019-02-11T14:49:46Z">
          <reporter-output>
          </reporter-output>
        </test-method> <!-- tearDown -->
      </class> <!-- com.fb.testcases.LoginPageTest -->
    </test> <!-- Default test -->
  </suite> <!-- Default suite -->
</testng-results>
